<?xml version="1.0" encoding="UTF-8"?>
<!-- Generated by org.testng.reporters.JUnitReportReporter -->
<testsuite skipped="0" hostname="Shift-PC01" name="basic_java.TestNGTestCon" tests="1" failures="0" timestamp="19 Nov 2018 19:35:08 GMT" time="11.048" errors="0">
  <testcase name="test01" time="11.048" classname="basic_java.TestNGTestCon"/>
</testsuite> <!-- basic_java.TestNGTestCon -->
